<?xml version="1.0" encoding="UTF-8"?>
<!-- Generated by org.testng.reporters.JUnitXMLReporter -->
<testsuite ignored="0" hostname="LAPTOP-1PKL31UL" failures="2" tests="2" name="Test" time="302.606" errors="0" timestamp="2022-03-08T11:45:03 COT">
  <testcase classname="com.testNG.RunEditarDireccion" name="PruebaEditarDireccion" time="220.513">
    <failure type="java.lang.NullPointerException" message="Cannot invoke &amp;quot;String.contains(java.lang.CharSequence)&amp;quot; because &amp;quot;this.Pagos1&amp;quot; is null">
      <![CDATA[java.lang.NullPointerException: Cannot invoke "String.contains(java.lang.CharSequence)" because "this.Pagos1" is null
at com.testNG.RunEditarDireccion.PruebaEditarDireccion(RunEditarDireccion.java:100)
at java.base/java.util.ArrayList.forEach(ArrayList.java:1511)
... Removed 27 stack frames]]>
    </failure>
  </testcase> <!-- PruebaEditarDireccion -->
  <testcase classname="com.testNG.RunPagos" name="Pagos" time="55.546">
    <failure type="java.lang.NullPointerException" message="Cannot invoke &amp;quot;String.contains(java.lang.CharSequence)&amp;quot; because &amp;quot;this.Pagos1&amp;quot; is null">
      <![CDATA[java.lang.NullPointerException: Cannot invoke "String.contains(java.lang.CharSequence)" because "this.Pagos1" is null
at com.testNG.RunPagos.Pagos(RunPagos.java:100)
at java.base/java.util.ArrayList.forEach(ArrayList.java:1511)
... Removed 27 stack frames]]>
    </failure>
  </testcase> <!-- Pagos -->
</testsuite> <!-- Test -->
